<?xml version="1.0" encoding="UTF-8"?>
<testsuite xmlns:xsi="http://www.w3.org/2001/XMLSchema-instance" xsi:noNamespaceSchemaLocation="https://maven.apache.org/surefire/maven-surefire-plugin/xsd/surefire-test-report-3.0.xsd" version="3.0" name="com.mycompany.habanahotel.PrincipalTest" time="19.11" tests="5" errors="0" skipped="0" failures="0">
  <properties>
[...]
</properties>
  <testcase name="testMnVerReservasMouseClicked" classname="com.mycompany.habanahotel.PrincipalTest" time="10.996">
    <system-out><![CDATA[Resultado de la prueba de mnVerReservasMouseClicked: No Ok
]]></system-out>
  </testcase>
  <testcase name="testInitComponents" classname="com.mycompany.habanahotel.PrincipalTest" time="0.01">
    <system-out><![CDATA[Resultado de la prueba de testInitComponents: Ok
]]></system-out>
  </testcase>
  <testcase name="testBtnNuevaReservaActionPerformed" classname="com.mycompany.habanahotel.PrincipalTest" time="0.257">
    <system-out><![CDATA[Resultado de la prueba de btnNuevaReservaActionPerformed: Ok
]]></system-out>
  </testcase>
  <testcase name="testMnNuevaReservaMouseClicked" classname="com.mycompany.habanahotel.PrincipalTest" time="0.073">
    <system-out><![CDATA[Resultado de la prueba de mnNuevaReservaMouseClicked: Ok
]]></system-out>
  </testcase>
  <testcase name="testBtnVerReservasActionPerformed" classname="com.mycompany.habanahotel.PrincipalTest" time="7.77">
    <system-out><![CDATA[Resultado de la prueba de btnVerReservasActionPerformed: No Ok
]]></system-out>
  </testcase>
</testsuite>